<?xml version="1.0" encoding="UTF-8"?>
<!-- Generated by org.testng.reporters.JUnitReportReporter -->
<testsuite hostname="DESKTOP-EB9O5J4" failures="0" tests="2" name="testNgPack.TestNgClass1" time="9.185" errors="0" timestamp="2023-02-13T14:02:02 IST" skipped="0">
  <testcase classname="testNgPack.TestNgClass1" name="verifyPrivacyPolicy" time="4.275"/>
  <system-out/>
  <testcase classname="testNgPack.TestNgClass1" name="verifyTermsLink" time="4.910"/>
  <system-out/>
</testsuite> <!-- testNgPack.TestNgClass1 -->
