<?xml version="1.0" encoding="UTF-8"?>
<!-- Generated by org.testng.reporters.JUnitReportReporter -->
<testsuite hostname="DESKTOP-EB9O5J4" failures="0" tests="2" name="testNgPack.TestNgAuto" time="19.863" errors="0" timestamp="2023-02-13T19:30:30 IST" skipped="0">
  <testcase classname="testNgPack.TestNgAuto" name="verifyPrivacyPolicy" time="11.846"/>
  <system-out/>
  <testcase classname="testNgPack.TestNgAuto" name="verifyTermsLink" time="8.017"/>
  <system-out/>
</testsuite> <!-- testNgPack.TestNgAuto -->
