<?xml version="1.0" encoding="UTF-8"?>
<!-- Generated by org.testng.reporters.JUnitReportReporter -->
<testsuite hostname="DESKTOP-EB9O5J4" failures="0" tests="2" name="testNgPack.TestNgMate" time="20.031" errors="0" timestamp="2023-02-13T19:30:31 IST" skipped="0">
  <testcase classname="testNgPack.TestNgMate" name="verifyPrivacyPolicy123" time="12.036"/>
  <system-out/>
  <testcase classname="testNgPack.TestNgMate" name="verifyTermsLink123" time="7.995"/>
  <system-out/>
</testsuite> <!-- testNgPack.TestNgMate -->
