<?xml version="1.0" encoding="UTF-8"?>
<!-- Generated by org.testng.reporters.JUnitReportReporter -->
<testsuite hostname="DESKTOP-EB9O5J4" failures="0" tests="2" name="testNgPack.TestNgClass" time="0.025" errors="0" timestamp="2023-02-12T13:18:25 IST" skipped="0">
  <testcase classname="testNgPack.TestNgClass" name="test2" time="0.017"/>
  <system-out/>
  <testcase classname="testNgPack.TestNgClass" name="test" time="0.008"/>
  <system-out/>
</testsuite> <!-- testNgPack.TestNgClass -->
